2025-11-04 20:57:28 [main] INFO  Hooks:20 -  $$$$$$\  $$$$$$$\   $$$$$$\  $$\   $$\  $$$$$$\  $$$$$$$$\       $$\   $$\ $$$$$$$\  $$\      $$\        $$$$$$\  $$\   $$\ $$$$$$$$\  $$$$$$\  $$\      $$\  $$$$$$\ $$$$$$$$\ $$$$$$\  $$$$$$\  $$\   $$\ 
$$  __$$\ $$  __$$\ $$  __$$\ $$$\  $$ |$$  __$$\ $$  _____|      $$ |  $$ |$$  __$$\ $$$\    $$$ |      $$  __$$\ $$ |  $$ |\__$$  __|$$  __$$\ $$$\    $$$ |$$  __$$\\__$$  __|\_$$  _|$$  __$$\ $$$\  $$ |
$$ /  $$ |$$ |  $$ |$$ /  $$ |$$$$\ $$ |$$ /  \__|$$ |            $$ |  $$ |$$ |  $$ |$$$$\  $$$$ |      $$ /  $$ |$$ |  $$ |   $$ |   $$ /  $$ |$$$$\  $$$$ |$$ /  $$ |  $$ |     $$ |  $$ /  $$ |$$$$\ $$ |
$$ |  $$ |$$$$$$$  |$$$$$$$$ |$$ $$\$$ |$$ |$$$$\ $$$$$\          $$$$$$$$ |$$$$$$$  |$$\$$\$$ $$ |      $$$$$$$$ |$$ |  $$ |   $$ |   $$ |  $$ |$$\$$\$$ $$ |$$$$$$$$ |  $$ |     $$ |  $$ |  $$ |$$ $$\$$ |
$$ |  $$ |$$  __$$< $$  __$$ |$$ \$$$$ |$$ |\_$$ |$$  __|         $$  __$$ |$$  __$$< $$ \$$$  $$ |      $$  __$$ |$$ |  $$ |   $$ |   $$ |  $$ |$$ \$$$  $$ |$$  __$$ |  $$ |     $$ |  $$ |  $$ |$$ \$$$$ |
$$ |  $$ |$$ |  $$ |$$ |  $$ |$$ |\$$$ |$$ |  $$ |$$ |            $$ |  $$ |$$ |  $$ |$$ |\$  /$$ |      $$ |  $$ |$$ |  $$ |   $$ |   $$ |  $$ |$$ |\$  /$$ |$$ |  $$ |  $$ |     $$ |  $$ |  $$ |$$ |\$$$ |
 $$$$$$  |$$ |  $$ |$$ |  $$ |$$ | \$$ |\$$$$$$  |$$$$$$$$\       $$ |  $$ |$$ |  $$ |$$ | \_/ $$ |      $$ |  $$ |\$$$$$$  |   $$ |    $$$$$$  |$$ | \_/ $$ |$$ |  $$ |  $$ |   $$$$$$\  $$$$$$  |$$ | \$$ |
 \______/ \__|  \__|\__|  \__|\__|  \__| \______/ \________|      \__|  \__|\__|  \__|\__|     \__|      \__|  \__| \______/    \__|    \______/ \__|     \__|\__|  \__|  \__|   \______| \______/ \__|  \__|
                                                                                                                                                                                                             
                                                                                                                                                                                                             
                                                                                                                                                                                                             
2025-11-04 20:57:28 [main] INFO  Hooks:34 - Launching Browser.....
2025-11-04 20:57:30 [main] INFO  Hooks:45 - Qutting Browser....
2025-11-04 20:57:31 [main] INFO  Hooks:20 -  $$$$$$\  $$$$$$$\   $$$$$$\  $$\   $$\  $$$$$$\  $$$$$$$$\       $$\   $$\ $$$$$$$\  $$\      $$\        $$$$$$\  $$\   $$\ $$$$$$$$\  $$$$$$\  $$\      $$\  $$$$$$\ $$$$$$$$\ $$$$$$\  $$$$$$\  $$\   $$\ 
$$  __$$\ $$  __$$\ $$  __$$\ $$$\  $$ |$$  __$$\ $$  _____|      $$ |  $$ |$$  __$$\ $$$\    $$$ |      $$  __$$\ $$ |  $$ |\__$$  __|$$  __$$\ $$$\    $$$ |$$  __$$\\__$$  __|\_$$  _|$$  __$$\ $$$\  $$ |
$$ /  $$ |$$ |  $$ |$$ /  $$ |$$$$\ $$ |$$ /  \__|$$ |            $$ |  $$ |$$ |  $$ |$$$$\  $$$$ |      $$ /  $$ |$$ |  $$ |   $$ |   $$ /  $$ |$$$$\  $$$$ |$$ /  $$ |  $$ |     $$ |  $$ /  $$ |$$$$\ $$ |
$$ |  $$ |$$$$$$$  |$$$$$$$$ |$$ $$\$$ |$$ |$$$$\ $$$$$\          $$$$$$$$ |$$$$$$$  |$$\$$\$$ $$ |      $$$$$$$$ |$$ |  $$ |   $$ |   $$ |  $$ |$$\$$\$$ $$ |$$$$$$$$ |  $$ |     $$ |  $$ |  $$ |$$ $$\$$ |
$$ |  $$ |$$  __$$< $$  __$$ |$$ \$$$$ |$$ |\_$$ |$$  __|         $$  __$$ |$$  __$$< $$ \$$$  $$ |      $$  __$$ |$$ |  $$ |   $$ |   $$ |  $$ |$$ \$$$  $$ |$$  __$$ |  $$ |     $$ |  $$ |  $$ |$$ \$$$$ |
$$ |  $$ |$$ |  $$ |$$ |  $$ |$$ |\$$$ |$$ |  $$ |$$ |            $$ |  $$ |$$ |  $$ |$$ |\$  /$$ |      $$ |  $$ |$$ |  $$ |   $$ |   $$ |  $$ |$$ |\$  /$$ |$$ |  $$ |  $$ |     $$ |  $$ |  $$ |$$ |\$$$ |
 $$$$$$  |$$ |  $$ |$$ |  $$ |$$ | \$$ |\$$$$$$  |$$$$$$$$\       $$ |  $$ |$$ |  $$ |$$ | \_/ $$ |      $$ |  $$ |\$$$$$$  |   $$ |    $$$$$$  |$$ | \_/ $$ |$$ |  $$ |  $$ |   $$$$$$\  $$$$$$  |$$ | \$$ |
 \______/ \__|  \__|\__|  \__|\__|  \__| \______/ \________|      \__|  \__|\__|  \__|\__|     \__|      \__|  \__| \______/    \__|    \______/ \__|     \__|\__|  \__|  \__|   \______| \______/ \__|  \__|
                                                                                                                                                                                                             
                                                                                                                                                                                                             
                                                                                                                                                                                                             
2025-11-04 20:57:31 [main] INFO  Hooks:34 - Launching Browser.....
2025-11-04 20:57:32 [main] INFO  Hooks:45 - Qutting Browser....
2025-11-04 20:57:33 [main] INFO  Hooks:20 -  $$$$$$\  $$$$$$$\   $$$$$$\  $$\   $$\  $$$$$$\  $$$$$$$$\       $$\   $$\ $$$$$$$\  $$\      $$\        $$$$$$\  $$\   $$\ $$$$$$$$\  $$$$$$\  $$\      $$\  $$$$$$\ $$$$$$$$\ $$$$$$\  $$$$$$\  $$\   $$\ 
$$  __$$\ $$  __$$\ $$  __$$\ $$$\  $$ |$$  __$$\ $$  _____|      $$ |  $$ |$$  __$$\ $$$\    $$$ |      $$  __$$\ $$ |  $$ |\__$$  __|$$  __$$\ $$$\    $$$ |$$  __$$\\__$$  __|\_$$  _|$$  __$$\ $$$\  $$ |
$$ /  $$ |$$ |  $$ |$$ /  $$ |$$$$\ $$ |$$ /  \__|$$ |            $$ |  $$ |$$ |  $$ |$$$$\  $$$$ |      $$ /  $$ |$$ |  $$ |   $$ |   $$ /  $$ |$$$$\  $$$$ |$$ /  $$ |  $$ |     $$ |  $$ /  $$ |$$$$\ $$ |
$$ |  $$ |$$$$$$$  |$$$$$$$$ |$$ $$\$$ |$$ |$$$$\ $$$$$\          $$$$$$$$ |$$$$$$$  |$$\$$\$$ $$ |      $$$$$$$$ |$$ |  $$ |   $$ |   $$ |  $$ |$$\$$\$$ $$ |$$$$$$$$ |  $$ |     $$ |  $$ |  $$ |$$ $$\$$ |
$$ |  $$ |$$  __$$< $$  __$$ |$$ \$$$$ |$$ |\_$$ |$$  __|         $$  __$$ |$$  __$$< $$ \$$$  $$ |      $$  __$$ |$$ |  $$ |   $$ |   $$ |  $$ |$$ \$$$  $$ |$$  __$$ |  $$ |     $$ |  $$ |  $$ |$$ \$$$$ |
$$ |  $$ |$$ |  $$ |$$ |  $$ |$$ |\$$$ |$$ |  $$ |$$ |            $$ |  $$ |$$ |  $$ |$$ |\$  /$$ |      $$ |  $$ |$$ |  $$ |   $$ |   $$ |  $$ |$$ |\$  /$$ |$$ |  $$ |  $$ |     $$ |  $$ |  $$ |$$ |\$$$ |
 $$$$$$  |$$ |  $$ |$$ |  $$ |$$ | \$$ |\$$$$$$  |$$$$$$$$\       $$ |  $$ |$$ |  $$ |$$ | \_/ $$ |      $$ |  $$ |\$$$$$$  |   $$ |    $$$$$$  |$$ | \_/ $$ |$$ |  $$ |  $$ |   $$$$$$\  $$$$$$  |$$ | \$$ |
 \______/ \__|  \__|\__|  \__|\__|  \__| \______/ \________|      \__|  \__|\__|  \__|\__|     \__|      \__|  \__| \______/    \__|    \______/ \__|     \__|\__|  \__|  \__|   \______| \______/ \__|  \__|
                                                                                                                                                                                                             
                                                                                                                                                                                                             
                                                                                                                                                                                                             
2025-11-04 20:57:33 [main] INFO  Hooks:34 - Launching Browser.....
2025-11-04 20:57:35 [main] INFO  Hooks:45 - Qutting Browser....
2025-11-04 20:57:35 [main] INFO  Hooks:20 -  $$$$$$\  $$$$$$$\   $$$$$$\  $$\   $$\  $$$$$$\  $$$$$$$$\       $$\   $$\ $$$$$$$\  $$\      $$\        $$$$$$\  $$\   $$\ $$$$$$$$\  $$$$$$\  $$\      $$\  $$$$$$\ $$$$$$$$\ $$$$$$\  $$$$$$\  $$\   $$\ 
$$  __$$\ $$  __$$\ $$  __$$\ $$$\  $$ |$$  __$$\ $$  _____|      $$ |  $$ |$$  __$$\ $$$\    $$$ |      $$  __$$\ $$ |  $$ |\__$$  __|$$  __$$\ $$$\    $$$ |$$  __$$\\__$$  __|\_$$  _|$$  __$$\ $$$\  $$ |
$$ /  $$ |$$ |  $$ |$$ /  $$ |$$$$\ $$ |$$ /  \__|$$ |            $$ |  $$ |$$ |  $$ |$$$$\  $$$$ |      $$ /  $$ |$$ |  $$ |   $$ |   $$ /  $$ |$$$$\  $$$$ |$$ /  $$ |  $$ |     $$ |  $$ /  $$ |$$$$\ $$ |
$$ |  $$ |$$$$$$$  |$$$$$$$$ |$$ $$\$$ |$$ |$$$$\ $$$$$\          $$$$$$$$ |$$$$$$$  |$$\$$\$$ $$ |      $$$$$$$$ |$$ |  $$ |   $$ |   $$ |  $$ |$$\$$\$$ $$ |$$$$$$$$ |  $$ |     $$ |  $$ |  $$ |$$ $$\$$ |
$$ |  $$ |$$  __$$< $$  __$$ |$$ \$$$$ |$$ |\_$$ |$$  __|         $$  __$$ |$$  __$$< $$ \$$$  $$ |      $$  __$$ |$$ |  $$ |   $$ |   $$ |  $$ |$$ \$$$  $$ |$$  __$$ |  $$ |     $$ |  $$ |  $$ |$$ \$$$$ |
$$ |  $$ |$$ |  $$ |$$ |  $$ |$$ |\$$$ |$$ |  $$ |$$ |            $$ |  $$ |$$ |  $$ |$$ |\$  /$$ |      $$ |  $$ |$$ |  $$ |   $$ |   $$ |  $$ |$$ |\$  /$$ |$$ |  $$ |  $$ |     $$ |  $$ |  $$ |$$ |\$$$ |
 $$$$$$  |$$ |  $$ |$$ |  $$ |$$ | \$$ |\$$$$$$  |$$$$$$$$\       $$ |  $$ |$$ |  $$ |$$ | \_/ $$ |      $$ |  $$ |\$$$$$$  |   $$ |    $$$$$$  |$$ | \_/ $$ |$$ |  $$ |  $$ |   $$$$$$\  $$$$$$  |$$ | \$$ |
 \______/ \__|  \__|\__|  \__|\__|  \__| \______/ \________|      \__|  \__|\__|  \__|\__|     \__|      \__|  \__| \______/    \__|    \______/ \__|     \__|\__|  \__|  \__|   \______| \______/ \__|  \__|
                                                                                                                                                                                                             
                                                                                                                                                                                                             
                                                                                                                                                                                                             
2025-11-04 20:57:35 [main] INFO  Hooks:34 - Launching Browser.....
2025-11-04 20:57:37 [main] INFO  Hooks:45 - Qutting Browser....
2025-11-04 20:57:37 [main] INFO  Hooks:20 -  $$$$$$\  $$$$$$$\   $$$$$$\  $$\   $$\  $$$$$$\  $$$$$$$$\       $$\   $$\ $$$$$$$\  $$\      $$\        $$$$$$\  $$\   $$\ $$$$$$$$\  $$$$$$\  $$\      $$\  $$$$$$\ $$$$$$$$\ $$$$$$\  $$$$$$\  $$\   $$\ 
$$  __$$\ $$  __$$\ $$  __$$\ $$$\  $$ |$$  __$$\ $$  _____|      $$ |  $$ |$$  __$$\ $$$\    $$$ |      $$  __$$\ $$ |  $$ |\__$$  __|$$  __$$\ $$$\    $$$ |$$  __$$\\__$$  __|\_$$  _|$$  __$$\ $$$\  $$ |
$$ /  $$ |$$ |  $$ |$$ /  $$ |$$$$\ $$ |$$ /  \__|$$ |            $$ |  $$ |$$ |  $$ |$$$$\  $$$$ |      $$ /  $$ |$$ |  $$ |   $$ |   $$ /  $$ |$$$$\  $$$$ |$$ /  $$ |  $$ |     $$ |  $$ /  $$ |$$$$\ $$ |
$$ |  $$ |$$$$$$$  |$$$$$$$$ |$$ $$\$$ |$$ |$$$$\ $$$$$\          $$$$$$$$ |$$$$$$$  |$$\$$\$$ $$ |      $$$$$$$$ |$$ |  $$ |   $$ |   $$ |  $$ |$$\$$\$$ $$ |$$$$$$$$ |  $$ |     $$ |  $$ |  $$ |$$ $$\$$ |
$$ |  $$ |$$  __$$< $$  __$$ |$$ \$$$$ |$$ |\_$$ |$$  __|         $$  __$$ |$$  __$$< $$ \$$$  $$ |      $$  __$$ |$$ |  $$ |   $$ |   $$ |  $$ |$$ \$$$  $$ |$$  __$$ |  $$ |     $$ |  $$ |  $$ |$$ \$$$$ |
$$ |  $$ |$$ |  $$ |$$ |  $$ |$$ |\$$$ |$$ |  $$ |$$ |            $$ |  $$ |$$ |  $$ |$$ |\$  /$$ |      $$ |  $$ |$$ |  $$ |   $$ |   $$ |  $$ |$$ |\$  /$$ |$$ |  $$ |  $$ |     $$ |  $$ |  $$ |$$ |\$$$ |
 $$$$$$  |$$ |  $$ |$$ |  $$ |$$ | \$$ |\$$$$$$  |$$$$$$$$\       $$ |  $$ |$$ |  $$ |$$ | \_/ $$ |      $$ |  $$ |\$$$$$$  |   $$ |    $$$$$$  |$$ | \_/ $$ |$$ |  $$ |  $$ |   $$$$$$\  $$$$$$  |$$ | \$$ |
 \______/ \__|  \__|\__|  \__|\__|  \__| \______/ \________|      \__|  \__|\__|  \__|\__|     \__|      \__|  \__| \______/    \__|    \______/ \__|     \__|\__|  \__|  \__|   \______| \______/ \__|  \__|
                                                                                                                                                                                                             
                                                                                                                                                                                                             
                                                                                                                                                                                                             
2025-11-04 20:57:37 [main] INFO  Hooks:34 - Launching Browser.....
2025-11-04 20:57:39 [main] INFO  ActionHelper:38 - Navigating to URL: https://opensource-demo.orangehrmlive.com/
2025-11-04 20:57:41 [main] INFO  ActionHelper:56 - Wating for element to be visible: By.name: username
