2025-10-28 15:45:09 [main] INFO  Hooks:20 -  $$$$$$\  $$$$$$$\   $$$$$$\  $$\   $$\  $$$$$$\  $$$$$$$$\       $$\   $$\ $$$$$$$\  $$\      $$\        $$$$$$\  $$\   $$\ $$$$$$$$\  $$$$$$\  $$\      $$\  $$$$$$\ $$$$$$$$\ $$$$$$\  $$$$$$\  $$\   $$\ 
$$  __$$\ $$  __$$\ $$  __$$\ $$$\  $$ |$$  __$$\ $$  _____|      $$ |  $$ |$$  __$$\ $$$\    $$$ |      $$  __$$\ $$ |  $$ |\__$$  __|$$  __$$\ $$$\    $$$ |$$  __$$\\__$$  __|\_$$  _|$$  __$$\ $$$\  $$ |
$$ /  $$ |$$ |  $$ |$$ /  $$ |$$$$\ $$ |$$ /  \__|$$ |            $$ |  $$ |$$ |  $$ |$$$$\  $$$$ |      $$ /  $$ |$$ |  $$ |   $$ |   $$ /  $$ |$$$$\  $$$$ |$$ /  $$ |  $$ |     $$ |  $$ /  $$ |$$$$\ $$ |
$$ |  $$ |$$$$$$$  |$$$$$$$$ |$$ $$\$$ |$$ |$$$$\ $$$$$\          $$$$$$$$ |$$$$$$$  |$$\$$\$$ $$ |      $$$$$$$$ |$$ |  $$ |   $$ |   $$ |  $$ |$$\$$\$$ $$ |$$$$$$$$ |  $$ |     $$ |  $$ |  $$ |$$ $$\$$ |
$$ |  $$ |$$  __$$< $$  __$$ |$$ \$$$$ |$$ |\_$$ |$$  __|         $$  __$$ |$$  __$$< $$ \$$$  $$ |      $$  __$$ |$$ |  $$ |   $$ |   $$ |  $$ |$$ \$$$  $$ |$$  __$$ |  $$ |     $$ |  $$ |  $$ |$$ \$$$$ |
$$ |  $$ |$$ |  $$ |$$ |  $$ |$$ |\$$$ |$$ |  $$ |$$ |            $$ |  $$ |$$ |  $$ |$$ |\$  /$$ |      $$ |  $$ |$$ |  $$ |   $$ |   $$ |  $$ |$$ |\$  /$$ |$$ |  $$ |  $$ |     $$ |  $$ |  $$ |$$ |\$$$ |
 $$$$$$  |$$ |  $$ |$$ |  $$ |$$ | \$$ |\$$$$$$  |$$$$$$$$\       $$ |  $$ |$$ |  $$ |$$ | \_/ $$ |      $$ |  $$ |\$$$$$$  |   $$ |    $$$$$$  |$$ | \_/ $$ |$$ |  $$ |  $$ |   $$$$$$\  $$$$$$  |$$ | \$$ |
 \______/ \__|  \__|\__|  \__|\__|  \__| \______/ \________|      \__|  \__|\__|  \__|\__|     \__|      \__|  \__| \______/    \__|    \______/ \__|     \__|\__|  \__|  \__|   \______| \______/ \__|  \__|
                                                                                                                                                                                                             
                                                                                                                                                                                                             
                                                                                                                                                                                                             
2025-10-28 15:45:10 [main] INFO  Hooks:34 - Launching Browser.....
2025-10-28 15:45:12 [main] INFO  ActionHelper:38 - Navigating to URL: https://opensource-demo.orangehrmlive.com/
2025-10-28 15:45:16 [main] INFO  ActionHelper:56 - Wating for element to be visible: By.name: username
2025-10-28 15:45:17 [main] INFO  ActionHelper:60 - Sent keys to element: By.name: username | Value : Admin
2025-10-28 15:45:17 [main] INFO  ActionHelper:56 - Wating for element to be visible: By.name: password
2025-10-28 15:45:17 [main] INFO  ActionHelper:60 - Sent keys to element: By.name: password | Value : admin123
2025-10-28 15:45:17 [main] INFO  ActionHelper:44 - Wating for element to be clickable: By.xpath: //button[@type='submit']
2025-10-28 15:45:21 [main] INFO  ActionHelper:47 - Clicked on element: By.xpath: //button[@type='submit']
2025-10-28 15:45:21 [main] INFO  ActionHelper:81 - Element displayed:By.xpath: //h6[text()='Dashboard'] : true
2025-10-28 15:45:21 [main] INFO  Hooks:45 - Qutting Browser....
2025-10-28 15:45:22 [main] INFO  Hooks:20 -  $$$$$$\  $$$$$$$\   $$$$$$\  $$\   $$\  $$$$$$\  $$$$$$$$\       $$\   $$\ $$$$$$$\  $$\      $$\        $$$$$$\  $$\   $$\ $$$$$$$$\  $$$$$$\  $$\      $$\  $$$$$$\ $$$$$$$$\ $$$$$$\  $$$$$$\  $$\   $$\ 
$$  __$$\ $$  __$$\ $$  __$$\ $$$\  $$ |$$  __$$\ $$  _____|      $$ |  $$ |$$  __$$\ $$$\    $$$ |      $$  __$$\ $$ |  $$ |\__$$  __|$$  __$$\ $$$\    $$$ |$$  __$$\\__$$  __|\_$$  _|$$  __$$\ $$$\  $$ |
$$ /  $$ |$$ |  $$ |$$ /  $$ |$$$$\ $$ |$$ /  \__|$$ |            $$ |  $$ |$$ |  $$ |$$$$\  $$$$ |      $$ /  $$ |$$ |  $$ |   $$ |   $$ /  $$ |$$$$\  $$$$ |$$ /  $$ |  $$ |     $$ |  $$ /  $$ |$$$$\ $$ |
$$ |  $$ |$$$$$$$  |$$$$$$$$ |$$ $$\$$ |$$ |$$$$\ $$$$$\          $$$$$$$$ |$$$$$$$  |$$\$$\$$ $$ |      $$$$$$$$ |$$ |  $$ |   $$ |   $$ |  $$ |$$\$$\$$ $$ |$$$$$$$$ |  $$ |     $$ |  $$ |  $$ |$$ $$\$$ |
$$ |  $$ |$$  __$$< $$  __$$ |$$ \$$$$ |$$ |\_$$ |$$  __|         $$  __$$ |$$  __$$< $$ \$$$  $$ |      $$  __$$ |$$ |  $$ |   $$ |   $$ |  $$ |$$ \$$$  $$ |$$  __$$ |  $$ |     $$ |  $$ |  $$ |$$ \$$$$ |
$$ |  $$ |$$ |  $$ |$$ |  $$ |$$ |\$$$ |$$ |  $$ |$$ |            $$ |  $$ |$$ |  $$ |$$ |\$  /$$ |      $$ |  $$ |$$ |  $$ |   $$ |   $$ |  $$ |$$ |\$  /$$ |$$ |  $$ |  $$ |     $$ |  $$ |  $$ |$$ |\$$$ |
 $$$$$$  |$$ |  $$ |$$ |  $$ |$$ | \$$ |\$$$$$$  |$$$$$$$$\       $$ |  $$ |$$ |  $$ |$$ | \_/ $$ |      $$ |  $$ |\$$$$$$  |   $$ |    $$$$$$  |$$ | \_/ $$ |$$ |  $$ |  $$ |   $$$$$$\  $$$$$$  |$$ | \$$ |
 \______/ \__|  \__|\__|  \__|\__|  \__| \______/ \________|      \__|  \__|\__|  \__|\__|     \__|      \__|  \__| \______/    \__|    \______/ \__|     \__|\__|  \__|  \__|   \______| \______/ \__|  \__|
                                                                                                                                                                                                             
                                                                                                                                                                                                             
                                                                                                                                                                                                             
2025-10-28 15:45:22 [main] INFO  Hooks:34 - Launching Browser.....
2025-10-28 15:45:23 [main] INFO  ActionHelper:38 - Navigating to URL: https://opensource-demo.orangehrmlive.com/
2025-10-28 15:45:27 [main] INFO  ActionHelper:56 - Wating for element to be visible: By.name: username
2025-10-28 15:45:27 [main] INFO  ActionHelper:60 - Sent keys to element: By.name: username | Value : Admin
2025-10-28 15:45:27 [main] INFO  ActionHelper:56 - Wating for element to be visible: By.name: password
2025-10-28 15:45:27 [main] INFO  ActionHelper:60 - Sent keys to element: By.name: password | Value : wrong123
2025-10-28 15:45:27 [main] INFO  ActionHelper:44 - Wating for element to be clickable: By.xpath: //button[@type='submit']
2025-10-28 15:45:30 [main] INFO  ActionHelper:47 - Clicked on element: By.xpath: //button[@type='submit']
2025-10-28 15:45:30 [main] INFO  ActionHelper:44 - Wating for element to be clickable: By.xpath: //button[@type='submit']
2025-10-28 15:45:31 [main] INFO  ActionHelper:47 - Clicked on element: By.xpath: //button[@type='submit']
2025-10-28 15:45:31 [main] INFO  ActionHelper:70 - Text retrieved from :By.xpath: //div[contains(@class,'content--error')]/p : Invalid credentials
2025-10-28 15:45:31 [main] INFO  Hooks:45 - Qutting Browser....
2025-10-28 15:45:31 [main] INFO  Hooks:20 -  $$$$$$\  $$$$$$$\   $$$$$$\  $$\   $$\  $$$$$$\  $$$$$$$$\       $$\   $$\ $$$$$$$\  $$\      $$\        $$$$$$\  $$\   $$\ $$$$$$$$\  $$$$$$\  $$\      $$\  $$$$$$\ $$$$$$$$\ $$$$$$\  $$$$$$\  $$\   $$\ 
$$  __$$\ $$  __$$\ $$  __$$\ $$$\  $$ |$$  __$$\ $$  _____|      $$ |  $$ |$$  __$$\ $$$\    $$$ |      $$  __$$\ $$ |  $$ |\__$$  __|$$  __$$\ $$$\    $$$ |$$  __$$\\__$$  __|\_$$  _|$$  __$$\ $$$\  $$ |
$$ /  $$ |$$ |  $$ |$$ /  $$ |$$$$\ $$ |$$ /  \__|$$ |            $$ |  $$ |$$ |  $$ |$$$$\  $$$$ |      $$ /  $$ |$$ |  $$ |   $$ |   $$ /  $$ |$$$$\  $$$$ |$$ /  $$ |  $$ |     $$ |  $$ /  $$ |$$$$\ $$ |
$$ |  $$ |$$$$$$$  |$$$$$$$$ |$$ $$\$$ |$$ |$$$$\ $$$$$\          $$$$$$$$ |$$$$$$$  |$$\$$\$$ $$ |      $$$$$$$$ |$$ |  $$ |   $$ |   $$ |  $$ |$$\$$\$$ $$ |$$$$$$$$ |  $$ |     $$ |  $$ |  $$ |$$ $$\$$ |
$$ |  $$ |$$  __$$< $$  __$$ |$$ \$$$$ |$$ |\_$$ |$$  __|         $$  __$$ |$$  __$$< $$ \$$$  $$ |      $$  __$$ |$$ |  $$ |   $$ |   $$ |  $$ |$$ \$$$  $$ |$$  __$$ |  $$ |     $$ |  $$ |  $$ |$$ \$$$$ |
$$ |  $$ |$$ |  $$ |$$ |  $$ |$$ |\$$$ |$$ |  $$ |$$ |            $$ |  $$ |$$ |  $$ |$$ |\$  /$$ |      $$ |  $$ |$$ |  $$ |   $$ |   $$ |  $$ |$$ |\$  /$$ |$$ |  $$ |  $$ |     $$ |  $$ |  $$ |$$ |\$$$ |
 $$$$$$  |$$ |  $$ |$$ |  $$ |$$ | \$$ |\$$$$$$  |$$$$$$$$\       $$ |  $$ |$$ |  $$ |$$ | \_/ $$ |      $$ |  $$ |\$$$$$$  |   $$ |    $$$$$$  |$$ | \_/ $$ |$$ |  $$ |  $$ |   $$$$$$\  $$$$$$  |$$ | \$$ |
 \______/ \__|  \__|\__|  \__|\__|  \__| \______/ \________|      \__|  \__|\__|  \__|\__|     \__|      \__|  \__| \______/    \__|    \______/ \__|     \__|\__|  \__|  \__|   \______| \______/ \__|  \__|
                                                                                                                                                                                                             
                                                                                                                                                                                                             
                                                                                                                                                                                                             
2025-10-28 15:45:31 [main] INFO  Hooks:34 - Launching Browser.....
2025-10-28 15:45:33 [main] INFO  ActionHelper:38 - Navigating to URL: https://opensource-demo.orangehrmlive.com/
2025-10-28 15:45:37 [main] INFO  ActionHelper:56 - Wating for element to be visible: By.name: username
2025-10-28 15:45:38 [main] INFO  ActionHelper:60 - Sent keys to element: By.name: username | Value : wronguser
2025-10-28 15:45:38 [main] INFO  ActionHelper:56 - Wating for element to be visible: By.name: password
2025-10-28 15:45:38 [main] INFO  ActionHelper:60 - Sent keys to element: By.name: password | Value : admin123
2025-10-28 15:45:38 [main] INFO  ActionHelper:44 - Wating for element to be clickable: By.xpath: //button[@type='submit']
2025-10-28 15:45:40 [main] INFO  ActionHelper:47 - Clicked on element: By.xpath: //button[@type='submit']
2025-10-28 15:45:40 [main] INFO  ActionHelper:44 - Wating for element to be clickable: By.xpath: //button[@type='submit']
2025-10-28 15:45:40 [main] INFO  ActionHelper:47 - Clicked on element: By.xpath: //button[@type='submit']
2025-10-28 15:45:40 [main] INFO  ActionHelper:70 - Text retrieved from :By.xpath: //div[contains(@class,'content--error')]/p : Invalid credentials
2025-10-28 15:45:40 [main] INFO  Hooks:45 - Qutting Browser....
2025-10-28 15:45:41 [main] INFO  Hooks:20 -  $$$$$$\  $$$$$$$\   $$$$$$\  $$\   $$\  $$$$$$\  $$$$$$$$\       $$\   $$\ $$$$$$$\  $$\      $$\        $$$$$$\  $$\   $$\ $$$$$$$$\  $$$$$$\  $$\      $$\  $$$$$$\ $$$$$$$$\ $$$$$$\  $$$$$$\  $$\   $$\ 
$$  __$$\ $$  __$$\ $$  __$$\ $$$\  $$ |$$  __$$\ $$  _____|      $$ |  $$ |$$  __$$\ $$$\    $$$ |      $$  __$$\ $$ |  $$ |\__$$  __|$$  __$$\ $$$\    $$$ |$$  __$$\\__$$  __|\_$$  _|$$  __$$\ $$$\  $$ |
$$ /  $$ |$$ |  $$ |$$ /  $$ |$$$$\ $$ |$$ /  \__|$$ |            $$ |  $$ |$$ |  $$ |$$$$\  $$$$ |      $$ /  $$ |$$ |  $$ |   $$ |   $$ /  $$ |$$$$\  $$$$ |$$ /  $$ |  $$ |     $$ |  $$ /  $$ |$$$$\ $$ |
$$ |  $$ |$$$$$$$  |$$$$$$$$ |$$ $$\$$ |$$ |$$$$\ $$$$$\          $$$$$$$$ |$$$$$$$  |$$\$$\$$ $$ |      $$$$$$$$ |$$ |  $$ |   $$ |   $$ |  $$ |$$\$$\$$ $$ |$$$$$$$$ |  $$ |     $$ |  $$ |  $$ |$$ $$\$$ |
$$ |  $$ |$$  __$$< $$  __$$ |$$ \$$$$ |$$ |\_$$ |$$  __|         $$  __$$ |$$  __$$< $$ \$$$  $$ |      $$  __$$ |$$ |  $$ |   $$ |   $$ |  $$ |$$ \$$$  $$ |$$  __$$ |  $$ |     $$ |  $$ |  $$ |$$ \$$$$ |
$$ |  $$ |$$ |  $$ |$$ |  $$ |$$ |\$$$ |$$ |  $$ |$$ |            $$ |  $$ |$$ |  $$ |$$ |\$  /$$ |      $$ |  $$ |$$ |  $$ |   $$ |   $$ |  $$ |$$ |\$  /$$ |$$ |  $$ |  $$ |     $$ |  $$ |  $$ |$$ |\$$$ |
 $$$$$$  |$$ |  $$ |$$ |  $$ |$$ | \$$ |\$$$$$$  |$$$$$$$$\       $$ |  $$ |$$ |  $$ |$$ | \_/ $$ |      $$ |  $$ |\$$$$$$  |   $$ |    $$$$$$  |$$ | \_/ $$ |$$ |  $$ |  $$ |   $$$$$$\  $$$$$$  |$$ | \$$ |
 \______/ \__|  \__|\__|  \__|\__|  \__| \______/ \________|      \__|  \__|\__|  \__|\__|     \__|      \__|  \__| \______/    \__|    \______/ \__|     \__|\__|  \__|  \__|   \______| \______/ \__|  \__|
                                                                                                                                                                                                             
                                                                                                                                                                                                             
                                                                                                                                                                                                             
2025-10-28 15:45:41 [main] INFO  Hooks:34 - Launching Browser.....
2025-10-28 15:45:42 [main] INFO  ActionHelper:38 - Navigating to URL: https://opensource-demo.orangehrmlive.com/
2025-10-28 15:45:46 [main] INFO  ActionHelper:56 - Wating for element to be visible: By.name: username
2025-10-28 15:45:47 [main] INFO  ActionHelper:60 - Sent keys to element: By.name: username | Value : wronguser
2025-10-28 15:45:47 [main] INFO  ActionHelper:56 - Wating for element to be visible: By.name: password
2025-10-28 15:45:47 [main] INFO  ActionHelper:60 - Sent keys to element: By.name: password | Value : wrong123
2025-10-28 15:45:47 [main] INFO  ActionHelper:44 - Wating for element to be clickable: By.xpath: //button[@type='submit']
2025-10-28 15:45:49 [main] INFO  ActionHelper:47 - Clicked on element: By.xpath: //button[@type='submit']
2025-10-28 15:45:49 [main] INFO  ActionHelper:44 - Wating for element to be clickable: By.xpath: //button[@type='submit']
2025-10-28 15:45:49 [main] INFO  ActionHelper:47 - Clicked on element: By.xpath: //button[@type='submit']
2025-10-28 15:45:49 [main] INFO  ActionHelper:70 - Text retrieved from :By.xpath: //div[contains(@class,'content--error')]/p : Invalid credentials
2025-10-28 15:45:49 [main] INFO  Hooks:45 - Qutting Browser....
2025-10-28 15:45:50 [main] INFO  Hooks:20 -  $$$$$$\  $$$$$$$\   $$$$$$\  $$\   $$\  $$$$$$\  $$$$$$$$\       $$\   $$\ $$$$$$$\  $$\      $$\        $$$$$$\  $$\   $$\ $$$$$$$$\  $$$$$$\  $$\      $$\  $$$$$$\ $$$$$$$$\ $$$$$$\  $$$$$$\  $$\   $$\ 
$$  __$$\ $$  __$$\ $$  __$$\ $$$\  $$ |$$  __$$\ $$  _____|      $$ |  $$ |$$  __$$\ $$$\    $$$ |      $$  __$$\ $$ |  $$ |\__$$  __|$$  __$$\ $$$\    $$$ |$$  __$$\\__$$  __|\_$$  _|$$  __$$\ $$$\  $$ |
$$ /  $$ |$$ |  $$ |$$ /  $$ |$$$$\ $$ |$$ /  \__|$$ |            $$ |  $$ |$$ |  $$ |$$$$\  $$$$ |      $$ /  $$ |$$ |  $$ |   $$ |   $$ /  $$ |$$$$\  $$$$ |$$ /  $$ |  $$ |     $$ |  $$ /  $$ |$$$$\ $$ |
$$ |  $$ |$$$$$$$  |$$$$$$$$ |$$ $$\$$ |$$ |$$$$\ $$$$$\          $$$$$$$$ |$$$$$$$  |$$\$$\$$ $$ |      $$$$$$$$ |$$ |  $$ |   $$ |   $$ |  $$ |$$\$$\$$ $$ |$$$$$$$$ |  $$ |     $$ |  $$ |  $$ |$$ $$\$$ |
$$ |  $$ |$$  __$$< $$  __$$ |$$ \$$$$ |$$ |\_$$ |$$  __|         $$  __$$ |$$  __$$< $$ \$$$  $$ |      $$  __$$ |$$ |  $$ |   $$ |   $$ |  $$ |$$ \$$$  $$ |$$  __$$ |  $$ |     $$ |  $$ |  $$ |$$ \$$$$ |
$$ |  $$ |$$ |  $$ |$$ |  $$ |$$ |\$$$ |$$ |  $$ |$$ |            $$ |  $$ |$$ |  $$ |$$ |\$  /$$ |      $$ |  $$ |$$ |  $$ |   $$ |   $$ |  $$ |$$ |\$  /$$ |$$ |  $$ |  $$ |     $$ |  $$ |  $$ |$$ |\$$$ |
 $$$$$$  |$$ |  $$ |$$ |  $$ |$$ | \$$ |\$$$$$$  |$$$$$$$$\       $$ |  $$ |$$ |  $$ |$$ | \_/ $$ |      $$ |  $$ |\$$$$$$  |   $$ |    $$$$$$  |$$ | \_/ $$ |$$ |  $$ |  $$ |   $$$$$$\  $$$$$$  |$$ | \$$ |
 \______/ \__|  \__|\__|  \__|\__|  \__| \______/ \________|      \__|  \__|\__|  \__|\__|     \__|      \__|  \__| \______/    \__|    \______/ \__|     \__|\__|  \__|  \__|   \______| \______/ \__|  \__|
                                                                                                                                                                                                             
                                                                                                                                                                                                             
                                                                                                                                                                                                             
2025-10-28 15:45:50 [main] INFO  Hooks:34 - Launching Browser.....
2025-10-28 15:45:52 [main] INFO  ActionHelper:38 - Navigating to URL: https://opensource-demo.orangehrmlive.com/
2025-10-28 15:45:58 [main] INFO  ActionHelper:56 - Wating for element to be visible: By.name: username
2025-10-28 15:45:59 [main] INFO  ActionHelper:60 - Sent keys to element: By.name: username | Value : 
2025-10-28 15:45:59 [main] INFO  ActionHelper:56 - Wating for element to be visible: By.name: password
2025-10-28 15:45:59 [main] INFO  ActionHelper:60 - Sent keys to element: By.name: password | Value : admin123
2025-10-28 15:45:59 [main] INFO  ActionHelper:44 - Wating for element to be clickable: By.xpath: //button[@type='submit']
2025-10-28 15:45:59 [main] INFO  ActionHelper:47 - Clicked on element: By.xpath: //button[@type='submit']
2025-10-28 15:45:59 [main] INFO  ActionHelper:44 - Wating for element to be clickable: By.xpath: //button[@type='submit']
2025-10-28 15:45:59 [main] INFO  ActionHelper:47 - Clicked on element: By.xpath: //button[@type='submit']
2025-10-28 15:45:59 [main] INFO  ActionHelper:70 - Text retrieved from :By.xpath: //span[text()='Required'] : Required
2025-10-28 15:45:59 [main] INFO  Hooks:45 - Qutting Browser....
